2026-02-06 12:44:18 | queue | 9e760148 | 8ee85872 | уерц | parts=1
2026-02-06 12:44:18 | send | 9e760148 | 23e4c66a61ce13d1 | уерц | attempt=1
2026-02-06 12:44:24 | sent | 9e760148 | 8ee85872 | уерц
2026-02-06 12:44:31 | recv | 9e760148 | 05baa3cd | увпрыевур
2026-02-06 12:44:35 | queue | 9e760148 | feecefa2 | ыавпры | parts=1
2026-02-06 12:44:36 | queue | 9e760148 | 0dc8f97b | ываепр | parts=1
2026-02-06 12:44:36 | queue | 9e760148 | 129b5f35 | укеыр | parts=1
2026-02-06 12:44:36 | queue | 9e760148 | f19c3c1b | ыкер | parts=1
2026-02-06 12:44:36 | queue | 9e760148 | b12a3e26 | ыквер | parts=1
2026-02-06 12:44:36 | queue | 9e760148 | 6b3e0907 | ы | parts=1
2026-02-06 12:44:48 | send | 9e760148 | 628065501a0585d0 | ыавпры | attempt=1
2026-02-06 12:44:56 | sent | 9e760148 | feecefa2 | ыавпры
2026-02-06 12:45:04 | recv | 9e760148 | f2f38f9e | веыпарывер
2026-02-06 12:45:18 | send | 9e760148 | e1760a6c734ca791 | ываепр | attempt=1
2026-02-06 12:45:23 | sent | 9e760148 | 0dc8f97b | ываепр
2026-02-06 12:45:32 | recv | 9e760148 | 5c700d08 | serthsetrh
2026-02-06 12:45:49 | send | 9e760148 | 8022894508561b3f | укеыр | attempt=1
2026-02-06 12:45:54 | sent | 9e760148 | 129b5f35 | укеыр
2026-02-06 12:46:01 | recv | 9e760148 | 29f87da8 | sdfthrts
2026-02-06 12:46:19 | send | 9e760148 | 975dd50e93363214 | ыкер | attempt=1
2026-02-06 12:46:26 | sent | 9e760148 | f19c3c1b | ыкер
2026-02-06 12:46:32 | recv | 9e760148 | b8d7bb76 | srth
2026-02-06 12:46:48 | send | 9e760148 | 8d3767bc5c2f920d | ыквер | attempt=1
2026-02-06 12:46:54 | sent | 9e760148 | b12a3e26 | ыквер
2026-02-06 12:47:10 | send | 9e760148 | 3e1401f031d3998a | ы | attempt=1
2026-02-06 12:47:19 | queue | 9e760148 | e7c6000c | ерывапр | parts=1
2026-02-06 12:47:21 | queue | 9e760148 | b67f4094 | ывапр | parts=1
2026-02-06 12:47:22 | queue | 9e760148 | 5c8d4640 | ывапр | parts=1
2026-02-06 12:47:33 | recv | 9e760148 | b68affc1 | ывапрывапитывапр
2026-02-06 12:47:39 | queue | 9e760148 | 24e1f447 | ыиавтеприт | parts=1
2026-02-06 12:47:39 | queue | 9e760148 | 050bcb8d | вап | parts=1
2026-02-06 12:47:39 | queue | 9e760148 | 8a2fd8cf | твап | parts=1
2026-02-06 12:47:39 | queue | 9e760148 | 5e293273 | тва | parts=1
2026-02-06 12:47:40 | queue | 9e760148 | f86aa238 | пт | parts=1
2026-02-06 12:47:41 | send | 9e760148 | 64c2975ad51dd630 | ерывапр | attempt=1
2026-02-06 12:47:50 | sent | 9e760148 | e7c6000c | ерывапр
2026-02-06 12:48:03 | recv | 9e760148 | 03d35ce0 | ыкаепр
2026-02-06 12:48:11 | send | 9e760148 | 1d1db931b1397088 | ывапр | attempt=1
2026-02-06 12:48:18 | sent | 9e760148 | b67f4094 | ывапр
2026-02-06 12:48:41 | send | 9e760148 | 853710a565f7e039 | ывапр | attempt=1
2026-02-06 12:48:48 | sent | 9e760148 | 5c8d4640 | ывапр
2026-02-06 12:49:11 | send | 9e760148 | 13b2200c3c6298a6 | ыиавтеприт | attempt=1
2026-02-06 12:49:19 | send | 9e760148 | 16ff7e5e5f0af18f | вап | attempt=1
2026-02-06 12:49:40 | queue | 9e760148 | c2ad65a5 | епрывеар | parts=1
2026-02-06 12:49:41 | queue | 9e760148 | e382d73f | пролд | parts=1
2026-02-06 12:51:39 | queue | 9e760148 | ec2d9b6c | фвкп | parts=1
2026-02-06 12:51:40 | queue | 9e760148 | ea8e7782 | ывапрыв | parts=1
2026-02-06 12:51:40 | queue | 9e760148 | 067c10e6 | ывапр | parts=1
2026-02-06 12:51:41 | queue | 9e760148 | 24b2fe59 | ывфапр | parts=1
2026-02-06 13:13:45 | queue | 9e760148 | a94fe959 | улдокптролцуы | parts=1
2026-02-06 13:13:46 | queue | 9e760148 | 16ae85d6 | цукдолпр | parts=1
2026-02-06 13:13:47 | queue | 9e760148 | 8af432f6 | улкопит | parts=1
2026-02-06 13:13:48 | queue | 9e760148 | 95e2cfe8 | фвлдоыапр | parts=1
2026-02-06 13:16:29 | queue | 9e760148 | b0942430 | енрыуер\ | parts=1
2026-02-06 13:16:30 | queue | 9e760148 | bb09f6ca | ыапр | parts=1
2026-02-06 13:16:30 | queue | 9e760148 | ec1cfe83 | ыапр | parts=1
2026-02-06 13:16:30 | send | 9e760148 | 0f94233bd5c017f6 | енрыуер\ | attempt=1
2026-02-06 13:16:31 | queue | 9e760148 | 828aa05e | ывапр | parts=1
